Build started 6/15/2011 12:01:34 PM.
     1>Project "F:\FinalProject260\Chapter11No13\Chapter11No13.vcxproj" on node 2 (build target(s)).
     1>InitializeBuildStatus:
         Creating "Debug\TheFinalProjectCS260.unsuccessfulbuild" because "AlwaysCreate" was specified.
       ClCompile:
         c:\Program Files (x86)\Microsoft Visual Studio 10.0\VC\bin\CL.exe /c /ZI /nologo /W3 /WX- /Od /Oy- /D WIN32 /D _DEBUG /D _CONSOLE /D _UNICODE /D UNICODE /Gm /EHsc /RTC1 /MDd /GS /fp:precise /Zc:wchar_t /Zc:forScope /Fo"Debug\\" /Fd"Debug\vc100.pdb" /Gd /TP /analyze- /errorReport:prompt testOnlineJunk.cpp
         testOnlineJunk.cpp
     1>f:\finalproject260\chapter11no13\testonlinejunk.cpp(66): warning C4996: 'std::basic_string<_Elem,_Traits,_Ax>::copy': Function call with parameters that may be unsafe - this call relies on the caller to check that the passed values are correct. To disable this warning, use -D_SCL_SECURE_NO_WARNINGS. See documentation on how to use Visual C++ 'Checked Iterators'
                 with
                 [
                     _Elem=char,
                     _Traits=std::char_traits<char>,
                     _Ax=std::allocator<char>
                 ]
                 c:\program files (x86)\microsoft visual studio 10.0\vc\include\xstring(1556) : see declaration of 'std::basic_string<_Elem,_Traits,_Ax>::copy'
                 with
                 [
                     _Elem=char,
                     _Traits=std::char_traits<char>,
                     _Ax=std::allocator<char>
                 ]
     1>f:\finalproject260\chapter11no13\testonlinejunk.cpp(155): warning C4996: 'std::basic_string<_Elem,_Traits,_Ax>::copy': Function call with parameters that may be unsafe - this call relies on the caller to check that the passed values are correct. To disable this warning, use -D_SCL_SECURE_NO_WARNINGS. See documentation on how to use Visual C++ 'Checked Iterators'
                 with
                 [
                     _Elem=char,
                     _Traits=std::char_traits<char>,
                     _Ax=std::allocator<char>
                 ]
                 c:\program files (x86)\microsoft visual studio 10.0\vc\include\xstring(1556) : see declaration of 'std::basic_string<_Elem,_Traits,_Ax>::copy'
                 with
                 [
                     _Elem=char,
                     _Traits=std::char_traits<char>,
                     _Ax=std::allocator<char>
                 ]
       ManifestResourceCompile:
         All outputs are up-to-date.
       Link:
         c:\Program Files (x86)\Microsoft Visual Studio 10.0\VC\bin\link.exe /ERRORREPORT:PROMPT /OUT:"F:\FinalProject260\Debug\TheFinalProjectCS260.exe" /INCREMENTAL /NOLOGO kernel32.lib user32.lib gdi32.lib winspool.lib comdlg32.lib advapi32.lib shell32.lib ole32.lib oleaut32.lib uuid.lib odbc32.lib odbccp32.lib /MANIFEST /ManifestFile:"Debug\TheFinalProjectCS260.exe.intermediate.manifest" /MANIFESTUAC:"level='asInvoker' uiAccess='false'" /DEBUG /PDB:"F:\FinalProject260\Debug\TheFinalProjectCS260.pdb" /SUBSYSTEM:CONSOLE /TLBID:1 /DYNAMICBASE /NXCOMPAT /IMPLIB:"F:\FinalProject260\Debug\TheFinalProjectCS260.lib" /MACHINE:X86 Debug\TheFinalProjectCS260.exe.embed.manifest.res
         Debug\customerBinaryTreeImp.obj
         Debug\customerTypeImp.obj
         Debug\personTypeImp.obj
         Debug\testOnlineJunk.obj
         Debug\itemBinaryTreeImp.obj
         Debug\itemTypeImp.obj
       Manifest:
         C:\Program Files (x86)\Microsoft SDKs\Windows\v7.0A\bin\mt.exe /nologo /verbose /out:"Debug\TheFinalProjectCS260.exe.embed.manifest" /manifest Debug\TheFinalProjectCS260.exe.intermediate.manifest
         All outputs are up-to-date.
       LinkEmbedManifest:
         All outputs are up-to-date.
         Chapter11No13.vcxproj -> F:\FinalProject260\Debug\TheFinalProjectCS260.exe
       FinalizeBuildStatus:
         Deleting file "Debug\TheFinalProjectCS260.unsuccessfulbuild".
         Touching "Debug\TheFinalProjectCS260.lastbuildstate".
     1>Done Building Project "F:\FinalProject260\Chapter11No13\Chapter11No13.vcxproj" (build target(s)).

Build succeeded.

Time Elapsed 00:01:42.69
