Build started 6/16/2011 1:10:05 AM.
     1>Project "C:\School\FinalProject260 - Copy\FinalProject260\TheFinalProjectCS260\TheFinalProjectCS260.vcxproj" on node 2 (build target(s)).
     1>InitializeBuildStatus:
         Creating "Debug\TheFinalProjectCS260.unsuccessfulbuild" because "AlwaysCreate" was specified.
       ClCompile:
         All outputs are up-to-date.
       ManifestResourceCompile:
         All outputs are up-to-date.
       Link:
         C:\Program Files (x86)\Microsoft Visual Studio 10.0\VC\bin\link.exe /ERRORREPORT:PROMPT /OUT:"C:\School\FinalProject260 - Copy\FinalProject260\Debug\TheFinalProjectCS260.exe" /INCREMENTAL /NOLOGO kernel32.lib user32.lib gdi32.lib winspool.lib comdlg32.lib advapi32.lib shell32.lib ole32.lib oleaut32.lib uuid.lib odbc32.lib odbccp32.lib /MANIFEST /ManifestFile:"Debug\TheFinalProjectCS260.exe.intermediate.manifest" /MANIFESTUAC:"level='asInvoker' uiAccess='false'" /DEBUG /PDB:"C:\School\FinalProject260 - Copy\FinalProject260\Debug\TheFinalProjectCS260.pdb" /SUBSYSTEM:CONSOLE /TLBID:1 /DYNAMICBASE /NXCOMPAT /IMPLIB:"C:\School\FinalProject260 - Copy\FinalProject260\Debug\TheFinalProjectCS260.lib" /MACHINE:X86 Debug\TheFinalProjectCS260.exe.embed.manifest.res
         Debug\customerBinaryTreeImp.obj
         Debug\customerTypeImp.obj
         Debug\itemBinaryTreeImp.obj
         Debug\itemTypeImp.obj
         Debug\personTypeImp.obj
         Debug\testonlineJunk.obj
       Manifest:
         C:\Program Files (x86)\Microsoft SDKs\Windows\v7.0A\bin\mt.exe /nologo /verbose /out:"Debug\TheFinalProjectCS260.exe.embed.manifest" /manifest Debug\TheFinalProjectCS260.exe.intermediate.manifest
         All outputs are up-to-date.
       LinkEmbedManifest:
         All outputs are up-to-date.
         TheFinalProjectCS260.vcxproj -> C:\School\FinalProject260 - Copy\FinalProject260\Debug\TheFinalProjectCS260.exe
       CopyFilesToOutputDirectory:
         Copying file from "Debug\TheFinalProjectCS260.pdb" to "C:\School\FinalProject260 - Copy\FinalProject260\Debug\TheFinalProjectCS260.pdb".
       FinalizeBuildStatus:
         Deleting file "Debug\TheFinalProjectCS260.unsuccessfulbuild".
         Touching "Debug\TheFinalProjectCS260.lastbuildstate".
     1>Done Building Project "C:\School\FinalProject260 - Copy\FinalProject260\TheFinalProjectCS260\TheFinalProjectCS260.vcxproj" (build target(s)).

Build succeeded.

Time Elapsed 00:00:00.34
